# JRE version: OpenJDK Runtime Environment Temurin-17.0.12+7 (17.0.12+7) (build 17.0.12+7)
# Java VM: OpenJDK 64-Bit Server VM Temurin-17.0.12+7 (17.0.12+7, mixed mode, tiered, compressed oops, compressed class ptrs, parallel gc, windows-amd64)
GC Precious Log:
 CPUs: 4 total, 4 available
 Memory: 12232M
 Large Page Support: Disabled
 NUMA Support: Disabled
 Compressed Oops: Enabled (32-bit)
 Alignments: Space 512K, Generation 512K, Heap 2M
 Heap Min Capacity: 100M
 Heap Initial Capacity: 100M
 Heap Max Capacity: 1G
 Pre-touch: Disabled
 Parallel Workers: 4
Heap:
 PSYoungGen      total 8192K, used 2993K [0x00000000eab00000, 0x00000000eb580000, 0x0000000100000000)
  eden space 7680K, 32% used [0x00000000eab00000,0x00000000ead6f3f8,0x00000000eb280000)
  from space 512K, 97% used [0x00000000eb280000,0x00000000eb2fd220,0x00000000eb300000)
  to   space 1536K, 0% used [0x00000000eb400000,0x00000000eb400000,0x00000000eb580000)
 ParOldGen       total 498688K, used 453418K [0x00000000c0000000, 0x00000000de700000, 0x00000000eab00000)
  object space 498688K, 90% used [0x00000000c0000000,0x00000000dbacab70,0x00000000de700000)
 Metaspace       used 102552K, committed 103936K, reserved 1179648K
  class space    used 9884K, committed 10496K, reserved 1048576K
GC Heap History (20 events):
Event: 2573.155 GC heap before
{Heap before GC invocations=10120 (full 223):
 PSYoungGen      total 5632K, used 4792K [0x00000000eab00000, 0x00000000eb180000, 0x0000000100000000)
  eden space 5120K, 85% used [0x00000000eab00000,0x00000000eaf496a8,0x00000000eb000000)
  from space 512K, 78% used [0x00000000eb080000,0x00000000eb0e4958,0x00000000eb100000)
  to   space 512K, 0% used [0x00000000eb100000,0x00000000eb100000,0x00000000eb180000)
 ParOldGen       total 498688K, used 451201K [0x00000000c0000000, 0x00000000de700000, 0x00000000eab00000)
  object space 498688K, 90% used [0x00000000c0000000,0x00000000db8a0750,0x00000000de700000)
 Metaspace       used 102552K, committed 103936K, reserved 1179648K
  class space    used 9884K, committed 10496K, reserved 1048576K
}
Event: 2573.157 GC heap after
{Heap after GC invocations=10120 (full 223):
 PSYoungGen      total 5632K, used 506K [0x00000000eab00000, 0x00000000eb200000, 0x0000000100000000)
  eden space 5120K, 0% used [0x00000000eab00000,0x00000000eab00000,0x00000000eb000000)
  from space 512K, 98% used [0x00000000eb100000,0x00000000eb17e900,0x00000000eb180000)
  to   space 1024K, 0% used [0x00000000eb000000,0x00000000eb000000,0x00000000eb100000)
 ParOldGen       total 498688K, used 451369K [0x00000000c0000000, 0x00000000de700000, 0x00000000eab00000)
  object space 498688K, 90% used [0x00000000c0000000,0x00000000db8ca750,0x00000000de700000)
 Metaspace       used 102552K, committed 103936K, reserved 1179648K
  class space    used 9884K, committed 10496K, reserved 1048576K
}
Event: 2573.165 GC heap before
{Heap before GC invocations=10121 (full 223):
 PSYoungGen      total 5632K, used 5356K [0x00000000eab00000, 0x00000000eb200000, 0x0000000100000000)
  eden space 5120K, 94% used [0x00000000eab00000,0x00000000eafbc998,0x00000000eb000000)
  from space 512K, 98% used [0x00000000eb100000,0x00000000eb17e900,0x00000000eb180000)
  to   space 1024K, 0% used [0x00000000eb000000,0x00000000eb000000,0x00000000eb100000)
 ParOldGen       total 498688K, used 451369K [0x00000000c0000000, 0x00000000de700000, 0x00000000eab00000)
  object space 498688K, 90% used [0x00000000c0000000,0x00000000db8ca750,0x00000000de700000)
 Metaspace       used 102552K, committed 103936K, reserved 1179648K
  class space    used 9884K, committed 10496K, reserved 1048576K
}
Event: 2573.166 GC heap after
{Heap after GC invocations=10121 (full 223):
 PSYoungGen      total 6144K, used 128K [0x00000000eab00000, 0x00000000eb180000, 0x0000000100000000)
  eden space 5120K, 0% used [0x00000000eab00000,0x00000000eab00000,0x00000000eb000000)
  from space 1024K, 12% used [0x00000000eb000000,0x00000000eb020000,0x00000000eb100000)
  to   space 512K, 0% used [0x00000000eb100000,0x00000000eb100000,0x00000000eb180000)
 ParOldGen       total 498688K, used 451902K [0x00000000c0000000, 0x00000000de700000, 0x00000000eab00000)
  object space 498688K, 90% used [0x00000000c0000000,0x00000000db94f950,0x00000000de700000)
 Metaspace       used 102552K, committed 103936K, reserved 1179648K
  class space    used 9884K, committed 10496K, reserved 1048576K
}
Event: 2573.175 GC heap before
{Heap before GC invocations=10122 (full 223):
 PSYoungGen      total 6144K, used 4886K [0x00000000eab00000, 0x00000000eb180000, 0x0000000100000000)
  eden space 5120K, 92% used [0x00000000eab00000,0x00000000eafa58b8,0x00000000eb000000)
  from space 1024K, 12% used [0x00000000eb000000,0x00000000eb020000,0x00000000eb100000)
  to   space 512K, 0% used [0x00000000eb100000,0x00000000eb100000,0x00000000eb180000)
 ParOldGen       total 498688K, used 451902K [0x00000000c0000000, 0x00000000de700000, 0x00000000eab00000)
  object space 498688K, 90% used [0x00000000c0000000,0x00000000db94f950,0x00000000de700000)
 Metaspace       used 102552K, committed 103936K, reserved 1179648K
  class space    used 9884K, committed 10496K, reserved 1048576K
}
Event: 2573.176 GC heap after
{Heap after GC invocations=10122 (full 223):
 PSYoungGen      total 5632K, used 64K [0x00000000eab00000, 0x00000000eb180000, 0x0000000100000000)
  eden space 5120K, 0% used [0x00000000eab00000,0x00000000eab00000,0x00000000eb000000)
  from space 512K, 12% used [0x00000000eb100000,0x00000000eb110000,0x00000000eb180000)
  to   space 512K, 0% used [0x00000000eb080000,0x00000000eb080000,0x00000000eb100000)
 ParOldGen       total 498688K, used 451926K [0x00000000c0000000, 0x00000000de700000, 0x00000000eab00000)
  object space 498688K, 90% used [0x00000000c0000000,0x00000000db955950,0x00000000de700000)
 Metaspace       used 102552K, committed 103936K, reserved 1179648K
  class space    used 9884K, committed 10496K, reserved 1048576K
}
Event: 2573.185 GC heap before
{Heap before GC invocations=10123 (full 223):
 PSYoungGen      total 5632K, used 4917K [0x00000000eab00000, 0x00000000eb180000, 0x0000000100000000)
  eden space 5120K, 94% used [0x00000000eab00000,0x00000000eafbd430,0x00000000eb000000)
  from space 512K, 12% used [0x00000000eb100000,0x00000000eb110000,0x00000000eb180000)
  to   space 512K, 0% used [0x00000000eb080000,0x00000000eb080000,0x00000000eb100000)
 ParOldGen       total 498688K, used 451926K [0x00000000c0000000, 0x00000000de700000, 0x00000000eab00000)
  object space 498688K, 90% used [0x00000000c0000000,0x00000000db955950,0x00000000de700000)
 Metaspace       used 102552K, committed 103936K, reserved 1179648K
  class space    used 9884K, committed 10496K, reserved 1048576K
}
Event: 2573.186 GC heap after
{Heap after GC invocations=10123 (full 223):
 PSYoungGen      total 5632K, used 128K [0x00000000eab00000, 0x00000000eb180000, 0x0000000100000000)
  eden space 5120K, 0% used [0x00000000eab00000,0x00000000eab00000,0x00000000eb000000)
  from space 512K, 25% used [0x00000000eb080000,0x00000000eb0a0000,0x00000000eb100000)
  to   space 512K, 0% used [0x00000000eb100000,0x00000000eb100000,0x00000000eb180000)
 ParOldGen       total 498688K, used 451934K [0x00000000c0000000, 0x00000000de700000, 0x00000000eab00000)
  object space 498688K, 90% used [0x00000000c0000000,0x00000000db957950,0x00000000de700000)
 Metaspace       used 102552K, committed 103936K, reserved 1179648K
  class space    used 9884K, committed 10496K, reserved 1048576K
}
Event: 2573.193 GC heap before
{Heap before GC invocations=10124 (full 223):
 PSYoungGen      total 5632K, used 5248K [0x00000000eab00000, 0x00000000eb180000, 0x0000000100000000)
  eden space 5120K, 100% used [0x00000000eab00000,0x00000000eb000000,0x00000000eb000000)
  from space 512K, 25% used [0x00000000eb080000,0x00000000eb0a0000,0x00000000eb100000)
  to   space 512K, 0% used [0x00000000eb100000,0x00000000eb100000,0x00000000eb180000)
 ParOldGen       total 498688K, used 451934K [0x00000000c0000000, 0x00000000de700000, 0x00000000eab00000)
  object space 498688K, 90% used [0x00000000c0000000,0x00000000db957950,0x00000000de700000)
 Metaspace       used 102552K, committed 103936K, reserved 1179648K
  class space    used 9884K, committed 10496K, reserved 1048576K
}
Event: 2573.196 GC heap after
{Heap after GC invocations=10124 (full 223):
 PSYoungGen      total 5632K, used 512K [0x00000000eab00000, 0x00000000eb300000, 0x0000000100000000)
  eden space 5120K, 0% used [0x00000000eab00000,0x00000000eab00000,0x00000000eb000000)
  from space 512K, 100% used [0x00000000eb100000,0x00000000eb180000,0x00000000eb180000)
  to   space 1024K, 0% used [0x00000000eb000000,0x00000000eb000000,0x00000000eb100000)
 ParOldGen       total 498688K, used 451982K [0x00000000c0000000, 0x00000000de700000, 0x00000000eab00000)
  object space 498688K, 90% used [0x00000000c0000000,0x00000000db963950,0x00000000de700000)
 Metaspace       used 102552K, committed 103936K, reserved 1179648K
  class space    used 9884K, committed 10496K, reserved 1048576K
}
Event: 2573.203 GC heap before
{Heap before GC invocations=10125 (full 223):
 PSYoungGen      total 5632K, used 4373K [0x00000000eab00000, 0x00000000eb300000, 0x0000000100000000)
  eden space 5120K, 75% used [0x00000000eab00000,0x00000000eaec5588,0x00000000eb000000)
  from space 512K, 100% used [0x00000000eb100000,0x00000000eb180000,0x00000000eb180000)
  to   space 1024K, 0% used [0x00000000eb000000,0x00000000eb000000,0x00000000eb100000)
 ParOldGen       total 498688K, used 451982K [0x00000000c0000000, 0x00000000de700000, 0x00000000eab00000)
  object space 498688K, 90% used [0x00000000c0000000,0x00000000db963950,0x00000000de700000)
 Metaspace       used 102552K, committed 103936K, reserved 1179648K
  class space    used 9884K, committed 10496K, reserved 1048576K
}
Event: 2573.204 GC heap after
{Heap after GC invocations=10125 (full 223):
 PSYoungGen      total 6144K, used 282K [0x00000000eab00000, 0x00000000eb200000, 0x0000000100000000)
  eden space 5120K, 0% used [0x00000000eab00000,0x00000000eab00000,0x00000000eb000000)
  from space 1024K, 27% used [0x00000000eb000000,0x00000000eb046900,0x00000000eb100000)
  to   space 512K, 0% used [0x00000000eb180000,0x00000000eb180000,0x00000000eb200000)
 ParOldGen       total 498688K, used 452430K [0x00000000c0000000, 0x00000000de700000, 0x00000000eab00000)
  object space 498688K, 90% used [0x00000000c0000000,0x00000000db9d3950,0x00000000de700000)
 Metaspace       used 102552K, committed 103936K, reserved 1179648K
  class space    used 9884K, committed 10496K, reserved 1048576K
}
Event: 2573.211 GC heap before
{Heap before GC invocations=10126 (full 223):
 PSYoungGen      total 6144K, used 5150K [0x00000000eab00000, 0x00000000eb200000, 0x0000000100000000)
  eden space 5120K, 95% used [0x00000000eab00000,0x00000000eafc1218,0x00000000eb000000)
  from space 1024K, 27% used [0x00000000eb000000,0x00000000eb046900,0x00000000eb100000)
  to   space 512K, 0% used [0x00000000eb180000,0x00000000eb180000,0x00000000eb200000)
 ParOldGen       total 498688K, used 452430K [0x00000000c0000000, 0x00000000de700000, 0x00000000eab00000)
  object space 498688K, 90% used [0x00000000c0000000,0x00000000db9d3950,0x00000000de700000)
 Metaspace       used 102552K, committed 103936K, reserved 1179648K
  class space    used 9884K, committed 10496K, reserved 1048576K
}
Event: 2573.212 GC heap after
{Heap after GC invocations=10126 (full 223):
 PSYoungGen      total 6656K, used 128K [0x00000000eab00000, 0x00000000eb200000, 0x0000000100000000)
  eden space 6144K, 0% used [0x00000000eab00000,0x00000000eab00000,0x00000000eb100000)
  from space 512K, 25% used [0x00000000eb180000,0x00000000eb1a0000,0x00000000eb200000)
  to   space 512K, 0% used [0x00000000eb100000,0x00000000eb100000,0x00000000eb180000)
 ParOldGen       total 498688K, used 452634K [0x00000000c0000000, 0x00000000de700000, 0x00000000eab00000)
  object space 498688K, 90% used [0x00000000c0000000,0x00000000dba06b50,0x00000000de700000)
 Metaspace       used 102552K, committed 103936K, reserved 1179648K
  class space    used 9884K, committed 10496K, reserved 1048576K
}
Event: 2573.220 GC heap before
{Heap before GC invocations=10127 (full 223):
 PSYoungGen      total 6656K, used 4889K [0x00000000eab00000, 0x00000000eb200000, 0x0000000100000000)
  eden space 6144K, 77% used [0x00000000eab00000,0x00000000eafa6508,0x00000000eb100000)
  from space 512K, 25% used [0x00000000eb180000,0x00000000eb1a0000,0x00000000eb200000)
  to   space 512K, 0% used [0x00000000eb100000,0x00000000eb100000,0x00000000eb180000)
 ParOldGen       total 498688K, used 452634K [0x00000000c0000000, 0x00000000de700000, 0x00000000eab00000)
  object space 498688K, 90% used [0x00000000c0000000,0x00000000dba06b50,0x00000000de700000)
 Metaspace       used 102552K, committed 103936K, reserved 1179648K
  class space    used 9884K, committed 10496K, reserved 1048576K
}
Event: 2573.221 GC heap after
{Heap after GC invocations=10127 (full 223):
 PSYoungGen      total 6656K, used 96K [0x00000000eab00000, 0x00000000eb380000, 0x0000000100000000)
  eden space 6144K, 0% used [0x00000000eab00000,0x00000000eab00000,0x00000000eb100000)
  from space 512K, 18% used [0x00000000eb100000,0x00000000eb118000,0x00000000eb180000)
  to   space 512K, 0% used [0x00000000eb300000,0x00000000eb300000,0x00000000eb380000)
 ParOldGen       total 498688K, used 452658K [0x00000000c0000000, 0x00000000de700000, 0x00000000eab00000)
  object space 498688K, 90% used [0x00000000c0000000,0x00000000dba0cb50,0x00000000de700000)
 Metaspace       used 102552K, committed 103936K, reserved 1179648K
  class space    used 9884K, committed 10496K, reserved 1048576K
}
Event: 2573.233 GC heap before
{Heap before GC invocations=10128 (full 223):
 PSYoungGen      total 6656K, used 6240K [0x00000000eab00000, 0x00000000eb380000, 0x0000000100000000)
  eden space 6144K, 100% used [0x00000000eab00000,0x00000000eb100000,0x00000000eb100000)
  from space 512K, 18% used [0x00000000eb100000,0x00000000eb118000,0x00000000eb180000)
  to   space 512K, 0% used [0x00000000eb300000,0x00000000eb300000,0x00000000eb380000)
 ParOldGen       total 498688K, used 452658K [0x00000000c0000000, 0x00000000de700000, 0x00000000eab00000)
  object space 498688K, 90% used [0x00000000c0000000,0x00000000dba0cb50,0x00000000de700000)
 Metaspace       used 102552K, committed 103936K, reserved 1179648K
  class space    used 9884K, committed 10496K, reserved 1048576K
}
Event: 2573.235 GC heap after
{Heap after GC invocations=10128 (full 223):
 PSYoungGen      total 8192K, used 320K [0x00000000eab00000, 0x00000000eb380000, 0x0000000100000000)
  eden space 7680K, 0% used [0x00000000eab00000,0x00000000eab00000,0x00000000eb280000)
  from space 512K, 62% used [0x00000000eb300000,0x00000000eb350000,0x00000000eb380000)
  to   space 512K, 0% used [0x00000000eb280000,0x00000000eb280000,0x00000000eb300000)
 ParOldGen       total 498688K, used 452666K [0x00000000c0000000, 0x00000000de700000, 0x00000000eab00000)
  object space 498688K, 90% used [0x00000000c0000000,0x00000000dba0eb50,0x00000000de700000)
 Metaspace       used 102552K, committed 103936K, reserved 1179648K
  class space    used 9884K, committed 10496K, reserved 1048576K
}
Event: 2573.297 GC heap before
{Heap before GC invocations=10129 (full 223):
 PSYoungGen      total 8192K, used 8000K [0x00000000eab00000, 0x00000000eb380000, 0x0000000100000000)
  eden space 7680K, 100% used [0x00000000eab00000,0x00000000eb280000,0x00000000eb280000)
  from space 512K, 62% used [0x00000000eb300000,0x00000000eb350000,0x00000000eb380000)
  to   space 512K, 0% used [0x00000000eb280000,0x00000000eb280000,0x00000000eb300000)
 ParOldGen       total 498688K, used 452666K [0x00000000c0000000, 0x00000000de700000, 0x00000000eab00000)
  object space 498688K, 90% used [0x00000000c0000000,0x00000000dba0eb50,0x00000000de700000)
 Metaspace       used 102552K, committed 103936K, reserved 1179648K
  class space    used 9884K, committed 10496K, reserved 1048576K
}
Event: 2573.299 GC heap after
{Heap after GC invocations=10129 (full 223):
 PSYoungGen      total 8192K, used 500K [0x00000000eab00000, 0x00000000eb580000, 0x0000000100000000)
  eden space 7680K, 0% used [0x00000000eab00000,0x00000000eab00000,0x00000000eb280000)
  from space 512K, 97% used [0x00000000eb280000,0x00000000eb2fd220,0x00000000eb300000)
  to   space 1536K, 0% used [0x00000000eb400000,0x00000000eb400000,0x00000000eb580000)
 ParOldGen       total 498688K, used 453418K [0x00000000c0000000, 0x00000000de700000, 0x00000000eab00000)
  object space 498688K, 90% used [0x00000000c0000000,0x00000000dbacab70,0x00000000de700000)
 Metaspace       used 102552K, committed 103936K, reserved 1179648K
  class space    used 9884K, committed 10496K, reserved 1048576K
}

